[0.067s] Invoking command in '/home/teehee/ros2_ws/build/lab_interfaces': CMAKE_PREFIX_PATH=${CMAKE_PREFIX_PATH}:/home/teehee/ros2_ws/install/labs_pkg:/home/teehee/ros2_ws/install/lab_exam2_pkg:/home/teehee/ros2_ws/install/example_pkg:/opt/ros/humble /usr/bin/cmake --build /home/teehee/ros2_ws/build/lab_interfaces -- -j4 -l4
[0.100s] -- Found ament_cmake: 1.3.5 (/opt/ros/humble/share/ament_cmake/cmake)
[0.269s] -- Found rosidl_default_generators: 1.2.0 (/opt/ros/humble/share/rosidl_default_generators/cmake)
[0.270s] -- Using all available rosidl_typesupport_c: rosidl_typesupport_fastrtps_c;rosidl_typesupport_introspection_c
[0.273s] -- Found rosidl_adapter: 3.1.5 (/opt/ros/humble/share/rosidl_adapter/cmake)
[0.301s] -- Using all available rosidl_typesupport_cpp: rosidl_typesupport_fastrtps_cpp;rosidl_typesupport_introspection_cpp
[0.609s] -- Found ament_cmake_ros: 0.10.0 (/opt/ros/humble/share/ament_cmake_ros/cmake)
[0.804s] -- Using all available rosidl_typesupport_c: rosidl_typesupport_fastrtps_c;rosidl_typesupport_introspection_c
[1.057s] -- Using all available rosidl_typesupport_cpp: rosidl_typesupport_fastrtps_cpp;rosidl_typesupport_introspection_cpp
[1.081s] -- Found python_cmake_module: 0.10.0 (/opt/ros/humble/share/python_cmake_module/cmake)
[1.104s] -- Using PYTHON_EXECUTABLE: /usr/bin/python3
[1.105s] -- Using PYTHON_INCLUDE_DIRS: /usr/include/python3.10
[1.105s] -- Using PYTHON_LIBRARIES: /usr/lib/x86_64-linux-gnu/libpython3.10.so
[1.122s] -- Configuring done
[1.183s] -- Generating done
[1.185s] -- Build files have been written to: /home/teehee/ros2_ws/build/lab_interfaces
[1.227s] [  1%] [34m[1mGenerating C code for ROS interfaces[0m
[1.240s] [  2%] [34m[1mGenerating C++ code for ROS interfaces[0m
[1.263s] [  2%] Built target ament_cmake_python_copy_lab_interfaces
[1.487s] running egg_info
[1.488s] writing lab_interfaces.egg-info/PKG-INFO
[1.489s] writing dependency_links to lab_interfaces.egg-info/dependency_links.txt
[1.489s] writing top-level names to lab_interfaces.egg-info/top_level.txt
[1.491s] reading manifest file 'lab_interfaces.egg-info/SOURCES.txt'
[1.491s] writing manifest file 'lab_interfaces.egg-info/SOURCES.txt'
[1.530s] [  2%] Built target ament_cmake_python_build_lab_interfaces_egg
[1.961s] [  2%] Built target lab_interfaces__cpp
[1.974s] [  3%] [34m[1mGenerating C++ type support dispatch for ROS interfaces[0m
[1.986s] [  4%] [34m[1mGenerating C++ type support for eProsima Fast-RTPS[0m
[2.012s] [  5%] [34m[1mGenerating C++ introspection for ROS interfaces[0m
[2.017s] [35m[1mConsolidate compiler generated dependencies of target lab_interfaces__rosidl_generator_c[0m
[2.036s] [  6%] [32mBuilding C object CMakeFiles/lab_interfaces__rosidl_generator_c.dir/rosidl_generator_c/lab_interfaces/msg/detail/num__functions.c.o[0m
[2.099s] [  7%] [32mBuilding C object CMakeFiles/lab_interfaces__rosidl_generator_c.dir/rosidl_generator_c/lab_interfaces/msg/detail/num_array__functions.c.o[0m
[2.149s] [  8%] [32mBuilding C object CMakeFiles/lab_interfaces__rosidl_generator_c.dir/rosidl_generator_c/lab_interfaces/msg/detail/turtle__functions.c.o[0m
[2.203s] [  9%] [32mBuilding C object CMakeFiles/lab_interfaces__rosidl_generator_c.dir/rosidl_generator_c/lab_interfaces/msg/detail/turtle_array__functions.c.o[0m
[2.255s] [ 10%] [32mBuilding C object CMakeFiles/lab_interfaces__rosidl_generator_c.dir/rosidl_generator_c/lab_interfaces/srv/detail/measure_wall_dist__functions.c.o[0m
[2.315s] [ 11%] [32mBuilding C object CMakeFiles/lab_interfaces__rosidl_generator_c.dir/rosidl_generator_c/lab_interfaces/srv/detail/capture_turtle__functions.c.o[0m
[2.332s] In file included from [01m[K/home/teehee/ros2_ws/build/lab_interfaces/rosidl_generator_c/lab_interfaces/srv/detail/capture_turtle__functions.h:19[m[K,
[2.332s]                  from [01m[K/home/teehee/ros2_ws/build/lab_interfaces/rosidl_generator_c/lab_interfaces/srv/detail/capture_turtle__functions.c:4[m[K:
[2.332s] [01m[K/home/teehee/ros2_ws/build/lab_interfaces/rosidl_generator_c/lab_interfaces/srv/detail/capture_turtle__struct.h:22:10:[m[K [01;31m[Kfatal error: [m[Klab_interfaces/msg/detail/int64__struct.h: No such file or directory
[2.332s]    22 | #include [01;31m[K"lab_interfaces/msg/detail/int64__struct.h"[m[K
[2.332s]       |          [01;31m[K^~~~~~~~~~~~~~~~~~~~~~~~~~~~~~~~~~~~~~~~~~~[m[K
[2.332s] compilation terminated.
[2.333s] gmake[2]: *** [CMakeFiles/lab_interfaces__rosidl_generator_c.dir/build.make:303: CMakeFiles/lab_interfaces__rosidl_generator_c.dir/rosidl_generator_c/lab_interfaces/srv/detail/capture_turtle__functions.c.o] Error 1
[2.333s] gmake[1]: *** [CMakeFiles/Makefile2:213: CMakeFiles/lab_interfaces__rosidl_generator_c.dir/all] Error 2
[2.333s] gmake[1]: *** Waiting for unfinished jobs....
[2.397s] [35m[1mConsolidate compiler generated dependencies of target lab_interfaces__rosidl_typesupport_cpp[0m
[2.439s] [ 12%] [32mBuilding CXX object CMakeFiles/lab_interfaces__rosidl_typesupport_cpp.dir/rosidl_typesupport_cpp/lab_interfaces/msg/num__type_support.cpp.o[0m
[2.545s] [35m[1mConsolidate compiler generated dependencies of target lab_interfaces__rosidl_typesupport_introspection_cpp[0m
[2.564s] [ 13%] [32mBuilding CXX object CMakeFiles/lab_interfaces__rosidl_typesupport_cpp.dir/rosidl_typesupport_cpp/lab_interfaces/msg/num_array__type_support.cpp.o[0m
[2.568s] [ 14%] [32mBuilding CXX object CMakeFiles/lab_interfaces__rosidl_typesupport_introspection_cpp.dir/rosidl_typesupport_introspection_cpp/lab_interfaces/msg/detail/num__type_support.cpp.o[0m
[2.571s] [35m[1mConsolidate compiler generated dependencies of target lab_interfaces__rosidl_typesupport_fastrtps_cpp[0m
[2.598s] [ 15%] [32mBuilding CXX object CMakeFiles/lab_interfaces__rosidl_typesupport_fastrtps_cpp.dir/rosidl_typesupport_fastrtps_cpp/lab_interfaces/msg/detail/dds_fastrtps/num__type_support.cpp.o[0m
[2.709s] [ 16%] [32mBuilding CXX object CMakeFiles/lab_interfaces__rosidl_typesupport_cpp.dir/rosidl_typesupport_cpp/lab_interfaces/msg/turtle__type_support.cpp.o[0m
[2.862s] [ 17%] [32mBuilding CXX object CMakeFiles/lab_interfaces__rosidl_typesupport_cpp.dir/rosidl_typesupport_cpp/lab_interfaces/msg/turtle_array__type_support.cpp.o[0m
[2.954s] [ 18%] [32mBuilding CXX object CMakeFiles/lab_interfaces__rosidl_typesupport_introspection_cpp.dir/rosidl_typesupport_introspection_cpp/lab_interfaces/msg/detail/num_array__type_support.cpp.o[0m
[2.969s] [ 21%] [32mBuilding CXX object CMakeFiles/lab_interfaces__rosidl_typesupport_fastrtps_cpp.dir/rosidl_typesupport_fastrtps_cpp/lab_interfaces/msg/detail/dds_fastrtps/num_array__type_support.cpp.o[0m
[2.970s] [ 21%] [32mBuilding CXX object CMakeFiles/lab_interfaces__rosidl_typesupport_cpp.dir/rosidl_typesupport_cpp/lab_interfaces/srv/measure_wall_dist__type_support.cpp.o[0m
[3.122s] [ 22%] [32mBuilding CXX object CMakeFiles/lab_interfaces__rosidl_typesupport_cpp.dir/rosidl_typesupport_cpp/lab_interfaces/srv/capture_turtle__type_support.cpp.o[0m
[3.174s] In file included from [01m[K/home/teehee/ros2_ws/build/lab_interfaces/rosidl_typesupport_cpp/lab_interfaces/srv/capture_turtle__type_support.cpp:7[m[K:
[3.174s] [01m[K/home/teehee/ros2_ws/build/lab_interfaces/rosidl_generator_cpp/lab_interfaces/srv/detail/capture_turtle__struct.hpp:20:10:[m[K [01;31m[Kfatal error: [m[Klab_interfaces/msg/detail/int64__struct.hpp: No such file or directory
[3.174s]    20 | #include [01;31m[K"lab_interfaces/msg/detail/int64__struct.hpp"[m[K
[3.174s]       |          [01;31m[K^~~~~~~~~~~~~~~~~~~~~~~~~~~~~~~~~~~~~~~~~~~~~[m[K
[3.174s] compilation terminated.
[3.176s] gmake[2]: *** [CMakeFiles/lab_interfaces__rosidl_typesupport_cpp.dir/build.make:188: CMakeFiles/lab_interfaces__rosidl_typesupport_cpp.dir/rosidl_typesupport_cpp/lab_interfaces/srv/capture_turtle__type_support.cpp.o] Error 1
[3.176s] gmake[2]: *** Waiting for unfinished jobs....
[3.187s] [ 23%] [32mBuilding CXX object CMakeFiles/lab_interfaces__rosidl_typesupport_introspection_cpp.dir/rosidl_typesupport_introspection_cpp/lab_interfaces/msg/detail/turtle__type_support.cpp.o[0m
[3.297s] gmake[1]: *** [CMakeFiles/Makefile2:395: CMakeFiles/lab_interfaces__rosidl_typesupport_cpp.dir/all] Error 2
[3.308s] [ 24%] [32mBuilding CXX object CMakeFiles/lab_interfaces__rosidl_typesupport_introspection_cpp.dir/rosidl_typesupport_introspection_cpp/lab_interfaces/msg/detail/turtle_array__type_support.cpp.o[0m
[3.318s] [ 25%] [32mBuilding CXX object CMakeFiles/lab_interfaces__rosidl_typesupport_introspection_cpp.dir/rosidl_typesupport_introspection_cpp/lab_interfaces/srv/detail/measure_wall_dist__type_support.cpp.o[0m
[3.367s] [ 26%] [32mBuilding CXX object CMakeFiles/lab_interfaces__rosidl_typesupport_fastrtps_cpp.dir/rosidl_typesupport_fastrtps_cpp/lab_interfaces/msg/detail/dds_fastrtps/turtle__type_support.cpp.o[0m
[3.544s] [ 27%] [32mBuilding CXX object CMakeFiles/lab_interfaces__rosidl_typesupport_introspection_cpp.dir/rosidl_typesupport_introspection_cpp/lab_interfaces/srv/detail/capture_turtle__type_support.cpp.o[0m
[3.604s] In file included from [01m[K/home/teehee/ros2_ws/build/lab_interfaces/rosidl_typesupport_introspection_cpp/lab_interfaces/srv/detail/capture_turtle__type_support.cpp:12[m[K:
[3.604s] [01m[K/home/teehee/ros2_ws/build/lab_interfaces/rosidl_generator_cpp/lab_interfaces/srv/detail/capture_turtle__struct.hpp:20:10:[m[K [01;31m[Kfatal error: [m[Klab_interfaces/msg/detail/int64__struct.hpp: No such file or directory
[3.604s]    20 | #include [01;31m[K"lab_interfaces/msg/detail/int64__struct.hpp"[m[K
[3.604s]       |          [01;31m[K^~~~~~~~~~~~~~~~~~~~~~~~~~~~~~~~~~~~~~~~~~~~~[m[K
[3.604s] compilation terminated.
[3.605s] gmake[2]: *** [CMakeFiles/lab_interfaces__rosidl_typesupport_introspection_cpp.dir/build.make:217: CMakeFiles/lab_interfaces__rosidl_typesupport_introspection_cpp.dir/rosidl_typesupport_introspection_cpp/lab_interfaces/srv/detail/capture_turtle__type_support.cpp.o] Error 1
[3.605s] gmake[2]: *** Waiting for unfinished jobs....
[3.627s] [ 28%] [32mBuilding CXX object CMakeFiles/lab_interfaces__rosidl_typesupport_fastrtps_cpp.dir/rosidl_typesupport_fastrtps_cpp/lab_interfaces/msg/detail/dds_fastrtps/turtle_array__type_support.cpp.o[0m
[3.691s] gmake[1]: *** [CMakeFiles/Makefile2:369: CMakeFiles/lab_interfaces__rosidl_typesupport_introspection_cpp.dir/all] Error 2
[3.696s] [ 29%] [32mBuilding CXX object CMakeFiles/lab_interfaces__rosidl_typesupport_fastrtps_cpp.dir/rosidl_typesupport_fastrtps_cpp/lab_interfaces/srv/detail/dds_fastrtps/measure_wall_dist__type_support.cpp.o[0m
[3.703s] [ 30%] [32mBuilding CXX object CMakeFiles/lab_interfaces__rosidl_typesupport_fastrtps_cpp.dir/rosidl_typesupport_fastrtps_cpp/lab_interfaces/srv/detail/dds_fastrtps/capture_turtle__type_support.cpp.o[0m
[3.740s] [ 31%] [32mBuilding CXX object CMakeFiles/lab_interfaces__rosidl_typesupport_fastrtps_cpp.dir/rosidl_typesupport_fastrtps_cpp/lab_interfaces/msg/detail/dds_fastrtps/wall_distance_measurement__type_support.cpp.o[0m
[3.769s] In file included from [01m[K/home/teehee/ros2_ws/build/lab_interfaces/rosidl_typesupport_fastrtps_cpp/lab_interfaces/srv/detail/capture_turtle__rosidl_typesupport_fastrtps_cpp.hpp:11[m[K,
[3.769s]                  from [01m[K/home/teehee/ros2_ws/build/lab_interfaces/rosidl_typesupport_fastrtps_cpp/lab_interfaces/srv/detail/dds_fastrtps/capture_turtle__type_support.cpp:4[m[K:
[3.769s] [01m[K/home/teehee/ros2_ws/build/lab_interfaces/rosidl_generator_cpp/lab_interfaces/srv/detail/capture_turtle__struct.hpp:20:10:[m[K [01;31m[Kfatal error: [m[Klab_interfaces/msg/detail/int64__struct.hpp: No such file or directory
[3.769s]    20 | #include [01;31m[K"lab_interfaces/msg/detail/int64__struct.hpp"[m[K
[3.769s]       |          [01;31m[K^~~~~~~~~~~~~~~~~~~~~~~~~~~~~~~~~~~~~~~~~~~~~[m[K
[3.770s] compilation terminated.
[3.772s] gmake[2]: *** [CMakeFiles/lab_interfaces__rosidl_typesupport_fastrtps_cpp.dir/build.make:217: CMakeFiles/lab_interfaces__rosidl_typesupport_fastrtps_cpp.dir/rosidl_typesupport_fastrtps_cpp/lab_interfaces/srv/detail/dds_fastrtps/capture_turtle__type_support.cpp.o] Error 1
[3.772s] gmake[2]: *** Waiting for unfinished jobs....
[4.082s] gmake[1]: *** [CMakeFiles/Makefile2:343: CMakeFiles/lab_interfaces__rosidl_typesupport_fastrtps_cpp.dir/all] Error 2
[4.082s] gmake: *** [Makefile:146: all] Error 2
[4.085s] Invoked command in '/home/teehee/ros2_ws/build/lab_interfaces' returned '2': CMAKE_PREFIX_PATH=${CMAKE_PREFIX_PATH}:/home/teehee/ros2_ws/install/labs_pkg:/home/teehee/ros2_ws/install/lab_exam2_pkg:/home/teehee/ros2_ws/install/example_pkg:/opt/ros/humble /usr/bin/cmake --build /home/teehee/ros2_ws/build/lab_interfaces -- -j4 -l4
