[0.045s] Invoking command in '/home/teehee/ros2_ws/src/lab6/build/action_interfaces': CMAKE_PREFIX_PATH=${CMAKE_PREFIX_PATH}:/home/teehee/ros2_ws/install/tf2_pkg:/home/teehee/ros2_ws/install/pylab_exam1:/home/teehee/ros2_ws/install/pylab05:/home/teehee/ros2_ws/install/pylab04:/home/teehee/ros2_ws/install/labs_pkg:/home/teehee/ros2_ws/install/labex6:/home/teehee/ros2_ws/install/lab_exam2_pkg:/home/teehee/ros2_ws/install/example_pkg:/opt/ros/humble /usr/bin/cmake --build /home/teehee/ros2_ws/src/lab6/build/action_interfaces -- -j8 -l8
[0.082s] failed to create symbolic link '/home/teehee/ros2_ws/src/lab6/build/action_interfaces/ament_cmake_python/action_interfaces/action_interfaces' because existing path cannot be removed: Is a directory
[0.082s] gmake[2]: *** [CMakeFiles/ament_cmake_python_symlink_action_interfaces.dir/build.make:70: CMakeFiles/ament_cmake_python_symlink_action_interfaces] Error 1
[0.082s] [  3%] Built target action_interfaces__cpp
[0.082s] gmake[1]: *** [CMakeFiles/Makefile2:421: CMakeFiles/ament_cmake_python_symlink_action_interfaces.dir/all] Error 2
[0.083s] gmake[1]: *** Waiting for unfinished jobs....
[0.083s] [ 12%] Built target action_interfaces__rosidl_generator_c
[0.083s] gmake: *** [Makefile:146: all] Error 2
[0.085s] Invoked command in '/home/teehee/ros2_ws/src/lab6/build/action_interfaces' returned '2': CMAKE_PREFIX_PATH=${CMAKE_PREFIX_PATH}:/home/teehee/ros2_ws/install/tf2_pkg:/home/teehee/ros2_ws/install/pylab_exam1:/home/teehee/ros2_ws/install/pylab05:/home/teehee/ros2_ws/install/pylab04:/home/teehee/ros2_ws/install/labs_pkg:/home/teehee/ros2_ws/install/labex6:/home/teehee/ros2_ws/install/lab_exam2_pkg:/home/teehee/ros2_ws/install/example_pkg:/opt/ros/humble /usr/bin/cmake --build /home/teehee/ros2_ws/src/lab6/build/action_interfaces -- -j8 -l8
