[0.032s] Invoking command in '/home/teehee/ros2_ws/src/lab6/build/action_interfaces': CMAKE_PREFIX_PATH=${CMAKE_PREFIX_PATH}:/home/teehee/ros2_ws/install/tf2_pkg:/home/teehee/ros2_ws/install/pylab_exam1:/home/teehee/ros2_ws/install/pylab05:/home/teehee/ros2_ws/install/pylab04:/home/teehee/ros2_ws/install/labs_pkg:/home/teehee/ros2_ws/install/labex6:/home/teehee/ros2_ws/install/lab_exam2_pkg:/home/teehee/ros2_ws/install/example_pkg:/opt/ros/humble /usr/bin/cmake --build /home/teehee/ros2_ws/src/lab6/build/action_interfaces -- -j8 -l8
[0.049s] -- Found ament_cmake: 1.3.8 (/opt/ros/humble/share/ament_cmake/cmake)
[0.125s] -- Found ament_lint_auto: 0.12.10 (/opt/ros/humble/share/ament_lint_auto/cmake)
[0.163s] -- Found rosidl_default_generators: 1.2.0 (/opt/ros/humble/share/rosidl_default_generators/cmake)
[0.165s] -- Using all available rosidl_typesupport_c: rosidl_typesupport_fastrtps_c;rosidl_typesupport_introspection_c
[0.166s] -- Found rosidl_adapter: 3.1.5 (/opt/ros/humble/share/rosidl_adapter/cmake)
[0.183s] -- Using all available rosidl_typesupport_cpp: rosidl_typesupport_fastrtps_cpp;rosidl_typesupport_introspection_cpp
[0.316s] [31mCMake Error at /opt/ros/humble/share/rosidl_adapter/cmake/rosidl_adapt_interfaces.cmake:59 (message):
[0.316s]   execute_process(/usr/bin/python3 -m rosidl_adapter --package-name
[0.317s]   action_interfaces --arguments-file
[0.317s]   /home/teehee/ros2_ws/src/lab6/build/action_interfaces/rosidl_adapter__arguments__action_interfaces.json
[0.317s]   --output-dir
[0.317s]   /home/teehee/ros2_ws/src/lab6/build/action_interfaces/rosidl_adapter/action_interfaces
[0.318s]   --output-file
[0.318s]   /home/teehee/ros2_ws/src/lab6/build/action_interfaces/rosidl_adapter/action_interfaces.idls)
[0.318s]   returned error code 1:
[0.318s] 
[0.318s]   Error processing 'float32[][] goal_coordinates' of
[0.319s]   'action_interfaces/Maze_Goal': ''float32[]' is an invalid message name.  It
[0.319s]   should have the pattern '^[A-Z][A-Za-z0-9]*$''
[0.319s] 
[0.320s]   Traceback (most recent call last):
[0.320s] 
[0.322s]     File "/usr/lib/python3.10/runpy.py", line 196, in _run_module_as_main
[0.322s]       return _run_code(code, main_globals, None,
[0.323s]     File "/usr/lib/python3.10/runpy.py", line 86, in _run_code
[0.323s]       exec(code, run_globals)
[0.323s]     File "/opt/ros/humble/local/lib/python3.10/dist-packages/rosidl_adapter/__main__.py", line 19, in <module>
[0.324s]       sys.exit(main())
[0.324s]     File "/opt/ros/humble/local/lib/python3.10/dist-packages/rosidl_adapter/main.py", line 53, in main
[0.324s]       abs_idl_file = convert_to_idl(
[0.325s]     File "/opt/ros/humble/local/lib/python3.10/dist-packages/rosidl_adapter/__init__.py", line 29, in convert_to_idl
[0.325s]       return convert_action_to_idl(
[0.325s]     File "/opt/ros/humble/local/lib/python3.10/dist-packages/rosidl_adapter/action/__init__.py", line 28, in convert_action_to_idl
[0.325s]       action = parse_action_string(package_name, input_file.stem, content)
[0.326s]     File "/opt/ros/humble/local/lib/python3.10/dist-packages/rosidl_adapter/parser.py", line 902, in parse_action_string
[0.326s]       goal_message = parse_message_string(
[0.326s]     File "/opt/ros/humble/local/lib/python3.10/dist-packages/rosidl_adapter/parser.py", line 520, in parse_message_string
[0.327s]       Type(type_string, context_package_name=pkg_name),
[0.327s]     File "/opt/ros/humble/local/lib/python3.10/dist-packages/rosidl_adapter/parser.py", line 277, in __init__
[0.327s]       super(Type, self).__init__(
[0.327s]     File "/opt/ros/humble/local/lib/python3.10/dist-packages/rosidl_adapter/parser.py", line 205, in __init__
[0.327s]       raise InvalidResourceName(
[0.327s] 
[0.327s]   rosidl_adapter.parser.InvalidResourceName: 'float32[]' is an invalid
[0.327s]   message name.  It should have the pattern '^[A-Z][A-Za-z0-9]*$'
[0.327s] 
[0.327s] Call Stack (most recent call first):
[0.327s]   /opt/ros/humble/share/rosidl_cmake/cmake/rosidl_generate_interfaces.cmake:130 (rosidl_adapt_interfaces)
[0.327s]   CMakeLists.txt:27 (rosidl_generate_interfaces)
[0.328s] 
[0.328s] [0m
[0.328s] -- Configuring incomplete, errors occurred!
[0.328s] See also "/home/teehee/ros2_ws/src/lab6/build/action_interfaces/CMakeFiles/CMakeOutput.log".
[0.328s] gmake: *** [Makefile:1179: cmake_check_build_system] Error 1
[0.328s] Invoked command in '/home/teehee/ros2_ws/src/lab6/build/action_interfaces' returned '2': CMAKE_PREFIX_PATH=${CMAKE_PREFIX_PATH}:/home/teehee/ros2_ws/install/tf2_pkg:/home/teehee/ros2_ws/install/pylab_exam1:/home/teehee/ros2_ws/install/pylab05:/home/teehee/ros2_ws/install/pylab04:/home/teehee/ros2_ws/install/labs_pkg:/home/teehee/ros2_ws/install/labex6:/home/teehee/ros2_ws/install/lab_exam2_pkg:/home/teehee/ros2_ws/install/example_pkg:/opt/ros/humble /usr/bin/cmake --build /home/teehee/ros2_ws/src/lab6/build/action_interfaces -- -j8 -l8
